<?xml version="1.0" encoding="UTF-8"?>
<!-- Generated by org.testng.reporters.JUnitXMLReporter -->
<testsuite ignored="8" hostname="YatamPakkiraReddy" failures="1" tests="1" name="Default test" time="0.208" errors="0" timestamp="2023-01-19T12:58:58 IST">
  <testcase classname="javaBasicPrograms.javaBasics" name="bubbleSort" time="0.028">
    <failure type="java.lang.ArrayIndexOutOfBoundsException" message="Index 5 out of bounds for length 5">
      <![CDATA[java.lang.ArrayIndexOutOfBoundsException: Index 5 out of bounds for length 5
at javaBasicPrograms.javaBasics.bubbleSort(javaBasics.java:129)
at java.base/jdk.internal.reflect.NativeMethodAccessorImpl.invoke0(Native Method)
at java.base/jdk.internal.reflect.NativeMethodAccessorImpl.invoke(NativeMethodAccessorImpl.java:77)
at java.base/jdk.internal.reflect.DelegatingMethodAccessorImpl.invoke(DelegatingMethodAccessorImpl.java:43)
at java.base/java.lang.reflect.Method.invoke(Method.java:568)
at org.testng.internal.MethodInvocationHelper.invokeMethod(MethodInvocationHelper.java:133)
at org.testng.internal.TestInvoker.invokeMethod(TestInvoker.java:598)
at org.testng.internal.TestInvoker.invokeTestMethod(TestInvoker.java:173)
at org.testng.internal.MethodRunner.runInSequence(MethodRunner.java:46)
at org.testng.internal.TestInvoker$MethodInvocationAgent.invoke(TestInvoker.java:824)
at org.testng.internal.TestInvoker.invokeTestMethods(TestInvoker.java:146)
at org.testng.internal.TestMethodWorker.invokeTestMethods(TestMethodWorker.java:146)
at org.testng.internal.TestMethodWorker.run(TestMethodWorker.java:128)
at java.base/java.util.ArrayList.forEach(ArrayList.java:1511)
at org.testng.TestRunner.privateRun(TestRunner.java:794)
at org.testng.TestRunner.run(TestRunner.java:596)
at org.testng.SuiteRunner.runTest(SuiteRunner.java:377)
at org.testng.SuiteRunner.runSequentially(SuiteRunner.java:371)
at org.testng.SuiteRunner.privateRun(SuiteRunner.java:332)
at org.testng.SuiteRunner.run(SuiteRunner.java:276)
at org.testng.SuiteRunnerWorker.runSuite(SuiteRunnerWorker.java:53)
at org.testng.SuiteRunnerWorker.run(SuiteRunnerWorker.java:96)
at org.testng.TestNG.runSuitesSequentially(TestNG.java:1212)
at org.testng.TestNG.runSuitesLocally(TestNG.java:1134)
at org.testng.TestNG.runSuites(TestNG.java:1063)
at org.testng.TestNG.run(TestNG.java:1031)
at org.testng.remote.AbstractRemoteTestNG.run(AbstractRemoteTestNG.java:115)
at org.testng.remote.RemoteTestNG.initAndRun(RemoteTestNG.java:251)
at org.testng.remote.RemoteTestNG.main(RemoteTestNG.java:77)
]]>
    </failure>
  </testcase> <!-- bubbleSort -->
  <testcase classname="javaBasicPrograms.javaBasics" name="addODDnUmbers" time="0.0">
    <ignored/>
  </testcase> <!-- addODDnUmbers -->
  <testcase classname="javaBasicPrograms.javaBasics" name="revrseNumber" time="0.0">
    <ignored/>
  </testcase> <!-- revrseNumber -->
  <testcase classname="javaBasicPrograms.javaBasics" name="armStrongNumber" time="0.0">
    <ignored/>
  </testcase> <!-- armStrongNumber -->
  <testcase classname="javaBasicPrograms.javaBasics" name="print1To100" time="0.0">
    <ignored/>
  </testcase> <!-- print1To100 -->
  <testcase classname="javaBasicPrograms.javaBasics" name="factorial" time="0.0">
    <ignored/>
  </testcase> <!-- factorial -->
  <testcase classname="javaBasicPrograms.javaBasics" name="addEvenNumbers" time="0.0">
    <ignored/>
  </testcase> <!-- addEvenNumbers -->
  <testcase classname="javaBasicPrograms.javaBasics" name="palindromeNumber" time="0.0">
    <ignored/>
  </testcase> <!-- palindromeNumber -->
  <testcase classname="javaBasicPrograms.javaBasics" name="primeNumber" time="0.0">
    <ignored/>
  </testcase> <!-- primeNumber -->
</testsuite> <!-- Default test -->
