<?xml version="1.0" encoding="UTF-8"?>
<!-- Generated by org.testng.reporters.JUnitXMLReporter -->
<testsuite ignored="2" hostname="YatamPakkiraReddy" failures="0" tests="1" name="Default test" time="0.049" errors="0" timestamp="2023-01-19T14:36:50 IST">
  <testcase classname="practicePrgrams.GitHubStorage" name="ram" time="0.006"/>
  <testcase classname="practicePrgrams.GitHubStorage" name="git" time="0.0">
    <ignored/>
  </testcase> <!-- git -->
  <testcase classname="practicePrgrams.GitHubStorage" name="git1" time="0.0">
    <ignored/>
  </testcase> <!-- git1 -->
</testsuite> <!-- Default test -->
