<?xml version="1.0" encoding="UTF-8"?>
<testng-results ignored="0" total="1" passed="1" failed="0" skipped="0">
  <reporter-output>
  </reporter-output>
  <suite started-at="2023-03-15T16:36:46 IST" name="Default suite" finished-at="2023-03-15T16:36:46 IST" duration-ms="37">
    <groups>
    </groups>
    <test started-at="2023-03-15T16:36:46 IST" name="Default test" finished-at="2023-03-15T16:36:46 IST" duration-ms="37">
      <class name="practicePrgrams.DemoKrishna">
        <test-method signature="MacBook()[pri:0, instance:practicePrgrams.DemoKrishna@78123e82]" started-at="2023-03-15T16:36:46 IST" name="MacBook" finished-at="2023-03-15T16:36:46 IST" duration-ms="10" status="PASS">
          <reporter-output>
          </reporter-output>
        </test-method> <!-- MacBook -->
      </class> <!-- practicePrgrams.DemoKrishna -->
    </test> <!-- Default test -->
  </suite> <!-- Default suite -->
</testng-results>
